<?xml version="1.0" encoding="UTF-8" ?>
<testsuite name="UniqueShortener" errors="0" tests="0" failures="0" time="0" timestamp="2014-02-20T16:18:05">
</testsuite>